<?xml version="1.0" encoding="UTF-8"?>
<!-- Generated by org.testng.reporters.JUnitReportReporter -->
<testsuite hostname="DESKTOP-SKVL122" failures="0" tests="2" name="qaclickacademy.AppiumTest" time="0.008" errors="0" timestamp="14 Jan. 2020 17:03:05 GMT" skipped="0">
  <testcase classname="qaclickacademy.AppiumTest" name="NativeAPpAndroid" time="0.000"/>
  <testcase classname="qaclickacademy.AppiumTest" name="IOSApps" time="0.008"/>
</testsuite> <!-- qaclickacademy.AppiumTest -->
