<?xml version="1.0" encoding="UTF-8"?>
<!-- Generated by org.testng.reporters.JUnitReportReporter -->
<testsuite hostname="DESKTOP-SKVL122" failures="0" tests="2" name="qaclickacademy.RESTAPITest" time="0.002" errors="0" timestamp="14 Jan. 2020 17:03:05 GMT" skipped="0">
  <testcase classname="qaclickacademy.RESTAPITest" name="postJira" time="0.001"/>
  <testcase classname="qaclickacademy.RESTAPITest" name="deleteTwitter" time="0.001"/>
</testsuite> <!-- qaclickacademy.RESTAPITest -->
